0 info it worked if it ends with ok
1 verbose cli [ '/home/akatosh/.nvm/versions/node/v6.0.0/bin/node',
1 verbose cli   '/home/akatosh/.nvm/versions/node/v6.0.0/lib/node_modules/npm/bin/npm-cli.js',
1 verbose cli   'run',
1 verbose cli   'start',
1 verbose cli   '--scripts-prepend-node-path=auto' ]
2 info using npm@3.8.6
3 info using node@v6.0.0
4 verbose run-script [ 'prestart', 'start', 'poststart' ]
5 info lifecycle CtHack@~prestart: CtHack@
6 silly lifecycle CtHack@~prestart: no script for prestart, continuing
7 info lifecycle CtHack@~start: CtHack@
8 verbose lifecycle CtHack@~start: unsafe-perm in lifecycle true
9 verbose lifecycle CtHack@~start: PATH: /home/akatosh/.nvm/versions/node/v6.0.0/lib/node_modules/npm/bin/node-gyp-bin:/home/akatosh/WebstormProjects/Pro_xy/node_modules/.bin:/home/akatosh/.nvm/versions/node/v6.0.0/bin:/home/akatosh/bin:/home/akatosh/.local/bin:/usr/local/sbin:/usr/local/bin:/usr/sbin:/usr/bin:/sbin:/bin:/usr/games:/usr/local/games
10 verbose lifecycle CtHack@~start: CWD: /home/akatosh/WebstormProjects/Pro_xy
11 silly lifecycle CtHack@~start: Args: [ '-c', 'meteor run' ]
12 silly lifecycle CtHack@~start: Returned: code: 254  signal: null
13 info lifecycle CtHack@~start: Failed to exec start script
14 verbose stack Error: CtHack@ start: `meteor run`
14 verbose stack Exit status 254
14 verbose stack     at EventEmitter.<anonymous> (/home/akatosh/.nvm/versions/node/v6.0.0/lib/node_modules/npm/lib/utils/lifecycle.js:239:16)
14 verbose stack     at emitTwo (events.js:106:13)
14 verbose stack     at EventEmitter.emit (events.js:191:7)
14 verbose stack     at ChildProcess.<anonymous> (/home/akatosh/.nvm/versions/node/v6.0.0/lib/node_modules/npm/lib/utils/spawn.js:24:14)
14 verbose stack     at emitTwo (events.js:106:13)
14 verbose stack     at ChildProcess.emit (events.js:191:7)
14 verbose stack     at maybeClose (internal/child_process.js:850:16)
14 verbose stack     at Process.ChildProcess._handle.onexit (internal/child_process.js:215:5)
15 verbose pkgid CtHack@
16 verbose cwd /home/akatosh/WebstormProjects/Pro_xy
17 error Linux 4.10.0-40-generic
18 error argv "/home/akatosh/.nvm/versions/node/v6.0.0/bin/node" "/home/akatosh/.nvm/versions/node/v6.0.0/lib/node_modules/npm/bin/npm-cli.js" "run" "start" "--scripts-prepend-node-path=auto"
19 error node v6.0.0
20 error npm  v3.8.6
21 error code ELIFECYCLE
22 error CtHack@ start: `meteor run`
22 error Exit status 254
23 error Failed at the CtHack@ start script 'meteor run'.
23 error Make sure you have the latest version of node.js and npm installed.
23 error If you do, this is most likely a problem with the CtHack package,
23 error not with npm itself.
23 error Tell the author that this fails on your system:
23 error     meteor run
23 error You can get information on how to open an issue for this project with:
23 error     npm bugs CtHack
23 error Or if that isn't available, you can get their info via:
23 error     npm owner ls CtHack
23 error There is likely additional logging output above.
24 verbose exit [ 1, true ]
